app/message/build/intermediates/manifest_merge_blame_file/debug/processDebugManifest/manifest-merger-blame-debug-report.txt
1<?xml version="1.0" encoding="utf-8"?>
2<manifest xmlns:android="http://schemas.android.com/apk/res/android"
3    package="com.example.movieapp.message" >
4
5    <uses-sdk android:minSdkVersion="24" />
5-->INJECTED
5-->INJECTED
6
7    <application>
7-->src/main/AndroidManifest.xml:4:5-12:19
8        <service
8-->src/main/AndroidManifest.xml:5:9-11:19
9            android:name="com.example.movieapp.message.service.MovieAppMessagingService"
9-->src/main/AndroidManifest.xml:6:13-61
10            android:exported="false" >
10-->src/main/AndroidManifest.xml:7:13-37
11            <intent-filter>
11-->src/main/AndroidManifest.xml:8:13-10:29
12                <action android:name="com.google.firebase.MESSAGING_EVENT" />
12-->src/main/AndroidManifest.xml:9:17-78
12-->src/main/AndroidManifest.xml:9:25-75
13            </intent-filter>
14        </service>
15    </application>
16
17</manifest>